2020-11-26 09:26:04.441  INFO 12716 --- [restartedMain] com.springboot.zzd.djh.DjhApplication    : Starting DjhApplication on bogon with PID 12716 (/Users/zhaozhendong/workspace/my-project/djh/target/classes started by zhaozhendong in /Users/zhaozhendong/workspace/my-project/djh)
2020-11-26 09:26:04.467  INFO 12716 --- [restartedMain] com.springboot.zzd.djh.DjhApplication    : No active profile set, falling back to default profiles: default
2020-11-26 09:26:04.539  INFO 12716 --- [restartedMain] .e.DevToolsPropertyDefaultsPostProcessor : Devtools property defaults active! Set 'spring.devtools.add-properties' to 'false' to disable
2020-11-26 09:26:04.539  INFO 12716 --- [restartedMain] .e.DevToolsPropertyDefaultsPostProcessor : For additional web related logging consider setting the 'logging.level.web' property to 'DEBUG'
2020-11-26 09:26:36.689  INFO 12716 --- [restartedMain] .s.d.r.c.RepositoryConfigurationDelegate : Multiple Spring Data modules found, entering strict repository configuration mode!
2020-11-26 09:26:36.693  INFO 12716 --- [restartedMain] .s.d.r.c.RepositoryConfigurationDelegate : Bootstrapping Spring Data repositories in DEFAULT mode.
2020-11-26 09:26:36.709  INFO 12716 --- [restartedMain] .s.d.r.c.RepositoryConfigurationDelegate : Finished Spring Data repository scanning in 9ms. Found 0 repository interfaces.
2020-11-26 09:26:36.714  INFO 12716 --- [restartedMain] .s.d.r.c.RepositoryConfigurationDelegate : Multiple Spring Data modules found, entering strict repository configuration mode!
2020-11-26 09:26:36.715  INFO 12716 --- [restartedMain] .s.d.r.c.RepositoryConfigurationDelegate : Bootstrapping Spring Data repositories in DEFAULT mode.
2020-11-26 09:26:36.718  INFO 12716 --- [restartedMain] .s.d.r.c.RepositoryConfigurationDelegate : Finished Spring Data repository scanning in 2ms. Found 0 repository interfaces.
2020-11-26 09:26:36.738  INFO 12716 --- [restartedMain] .s.d.r.c.RepositoryConfigurationDelegate : Multiple Spring Data modules found, entering strict repository configuration mode!
2020-11-26 09:26:36.740  INFO 12716 --- [restartedMain] .s.d.r.c.RepositoryConfigurationDelegate : Bootstrapping Spring Data repositories in DEFAULT mode.
2020-11-26 09:26:36.757  INFO 12716 --- [restartedMain] .s.d.r.c.RepositoryConfigurationDelegate : Finished Spring Data repository scanning in 3ms. Found 0 repository interfaces.
2020-11-26 09:26:36.965  WARN 12716 --- [restartedMain] o.m.s.mapper.ClassPathMapperScanner      : No MyBatis mapper was found in '[com.springboot.zzd.djh.controller, com.springboot.zzd.djh]' package. Please check your configuration.
2020-11-26 09:26:37.240  INFO 12716 --- [restartedMain] trationDelegate$BeanPostProcessorChecker : Bean 'org.springframework.transaction.annotation.ProxyTransactionManagementConfiguration' of type [org.springframework.transaction.annotation.ProxyTransactionManagementConfiguration] is not eligible for getting processed by all BeanPostProcessors (for example: not eligible for auto-proxying)
2020-11-26 09:26:37.586  INFO 12716 --- [restartedMain] o.s.b.w.embedded.tomcat.TomcatWebServer  : Tomcat initialized with port(s): 8080 (http)
2020-11-26 09:26:37.597  INFO 12716 --- [restartedMain] o.apache.catalina.core.StandardService   : Starting service [Tomcat]
2020-11-26 09:26:37.597  INFO 12716 --- [restartedMain] org.apache.catalina.core.StandardEngine  : Starting Servlet engine: [Apache Tomcat/9.0.27]
2020-11-26 09:26:37.701  INFO 12716 --- [restartedMain] o.a.c.c.C.[Tomcat].[localhost].[/]       : Initializing Spring embedded WebApplicationContext
2020-11-26 09:26:37.701  INFO 12716 --- [restartedMain] o.s.web.context.ContextLoader            : Root WebApplicationContext: initialization completed in 33161 ms
2020-11-26 09:26:38.216  INFO 12716 --- [restartedMain] pertySourcedRequestMappingHandlerMapping : Mapped URL path [/v2/api-docs] onto method [springfox.documentation.swagger2.web.Swagger2Controller#getDocumentation(String, HttpServletRequest)]
2020-11-26 09:26:38.339  INFO 12716 --- [restartedMain] o.s.s.concurrent.ThreadPoolTaskExecutor  : Initializing ExecutorService 'applicationTaskExecutor'
2020-11-26 09:26:38.387  INFO 12716 --- [restartedMain] o.s.b.d.a.OptionalLiveReloadServer       : LiveReload server is running on port 35729
2020-11-26 09:26:39.463  INFO 12716 --- [restartedMain] d.s.w.p.DocumentationPluginsBootstrapper : Context refreshed
2020-11-26 09:26:39.490  INFO 12716 --- [restartedMain] d.s.w.p.DocumentationPluginsBootstrapper : Found 1 custom documentation plugin(s)
2020-11-26 09:26:39.535  INFO 12716 --- [restartedMain] s.d.s.w.s.ApiListingReferenceScanner     : Scanning for api listing references
2020-11-26 09:26:39.597  INFO 12716 --- [restartedMain] o.s.b.w.embedded.tomcat.TomcatWebServer  : Tomcat started on port(s): 8080 (http) with context path ''
2020-11-26 09:26:39.602  INFO 12716 --- [restartedMain] com.springboot.zzd.djh.DjhApplication    : Started DjhApplication in 35.602 seconds (JVM running for 37.603)
2020-11-26 09:27:00.554  INFO 12716 --- [http-nio-8080-exec-1] o.a.c.c.C.[Tomcat].[localhost].[/]       : Initializing Spring DispatcherServlet 'dispatcherServlet'
2020-11-26 09:27:00.554  INFO 12716 --- [http-nio-8080-exec-1] o.s.web.servlet.DispatcherServlet        : Initializing Servlet 'dispatcherServlet'
2020-11-26 09:27:00.566  INFO 12716 --- [http-nio-8080-exec-1] o.s.web.servlet.DispatcherServlet        : Completed initialization in 11 ms
